{"/Users/geoff/code/date-fns-broadcast/src/endOfBroadcastMonth/endOfBroadcastMonth.test.ts": {"path":"/Users/geoff/code/date-fns-broadcast/src/endOfBroadcastMonth/endOfBroadcastMonth.test.ts","all":false,"statementMap":{"0":{"start":{"line":1,"column":0},"end":{"line":1,"column":46}},"1":{"start":{"line":2,"column":0},"end":{"line":2,"column":46}},"3":{"start":{"line":4,"column":0},"end":{"line":4,"column":39}},"4":{"start":{"line":5,"column":0},"end":{"line":5,"column":48}},"5":{"start":{"line":6,"column":0},"end":{"line":6,"column":39}},"6":{"start":{"line":7,"column":0},"end":{"line":7,"column":45}},"7":{"start":{"line":8,"column":0},"end":{"line":8,"column":36}},"8":{"start":{"line":9,"column":0},"end":{"line":9,"column":38}},"9":{"start":{"line":10,"column":0},"end":{"line":10,"column":59}},"10":{"start":{"line":11,"column":0},"end":{"line":11,"column":6}},"11":{"start":{"line":12,"column":0},"end":{"line":12,"column":5}},"13":{"start":{"line":14,"column":0},"end":{"line":14,"column":68}},"14":{"start":{"line":15,"column":0},"end":{"line":15,"column":39}},"15":{"start":{"line":16,"column":0},"end":{"line":16,"column":45}},"16":{"start":{"line":17,"column":0},"end":{"line":17,"column":36}},"17":{"start":{"line":18,"column":0},"end":{"line":18,"column":38}},"18":{"start":{"line":19,"column":0},"end":{"line":19,"column":59}},"19":{"start":{"line":20,"column":0},"end":{"line":20,"column":6}},"20":{"start":{"line":21,"column":0},"end":{"line":21,"column":5}},"22":{"start":{"line":23,"column":0},"end":{"line":23,"column":46}},"23":{"start":{"line":24,"column":0},"end":{"line":24,"column":39}},"24":{"start":{"line":25,"column":0},"end":{"line":25,"column":45}},"25":{"start":{"line":26,"column":0},"end":{"line":26,"column":36}},"26":{"start":{"line":27,"column":0},"end":{"line":27,"column":38}},"27":{"start":{"line":28,"column":0},"end":{"line":28,"column":59}},"28":{"start":{"line":29,"column":0},"end":{"line":29,"column":6}},"29":{"start":{"line":30,"column":0},"end":{"line":30,"column":5}},"31":{"start":{"line":32,"column":0},"end":{"line":32,"column":46}},"32":{"start":{"line":33,"column":0},"end":{"line":33,"column":40}},"33":{"start":{"line":34,"column":0},"end":{"line":34,"column":45}},"34":{"start":{"line":35,"column":0},"end":{"line":35,"column":36}},"35":{"start":{"line":36,"column":0},"end":{"line":36,"column":38}},"36":{"start":{"line":37,"column":0},"end":{"line":37,"column":60}},"37":{"start":{"line":38,"column":0},"end":{"line":38,"column":6}},"38":{"start":{"line":39,"column":0},"end":{"line":39,"column":5}},"39":{"start":{"line":40,"column":0},"end":{"line":40,"column":3}}},"s":{"0":1,"1":1,"3":1,"4":1,"5":1,"6":1,"7":1,"8":1,"9":1,"10":1,"11":1,"13":1,"14":1,"15":1,"16":1,"17":1,"18":1,"19":1,"20":1,"22":1,"23":1,"24":1,"25":1,"26":1,"27":1,"28":1,"29":1,"31":1,"32":1,"33":1,"34":1,"35":1,"36":1,"37":1,"38":1,"39":1},"branchMap":{"0":{"type":"branch","line":4,"loc":{"start":{"line":4,"column":32},"end":{"line":40,"column":3}},"locations":[{"start":{"line":4,"column":32},"end":{"line":40,"column":3}}]},"1":{"type":"branch","line":5,"loc":{"start":{"line":5,"column":41},"end":{"line":12,"column":3}},"locations":[{"start":{"line":5,"column":41},"end":{"line":12,"column":3}}]},"2":{"type":"branch","line":14,"loc":{"start":{"line":14,"column":61},"end":{"line":21,"column":3}},"locations":[{"start":{"line":14,"column":61},"end":{"line":21,"column":3}}]},"3":{"type":"branch","line":23,"loc":{"start":{"line":23,"column":39},"end":{"line":30,"column":3}},"locations":[{"start":{"line":23,"column":39},"end":{"line":30,"column":3}}]},"4":{"type":"branch","line":32,"loc":{"start":{"line":32,"column":39},"end":{"line":39,"column":3}},"locations":[{"start":{"line":32,"column":39},"end":{"line":39,"column":3}}]}},"b":{"0":[1],"1":[1],"2":[1],"3":[1],"4":[1]},"fnMap":{},"f":{}}
,"/Users/geoff/code/date-fns-broadcast/src/endOfBroadcastMonth/index.ts": {"path":"/Users/geoff/code/date-fns-broadcast/src/endOfBroadcastMonth/index.ts","all":false,"statementMap":{"1":{"start":{"line":2,"column":0},"end":{"line":2,"column":46}},"3":{"start":{"line":4,"column":0},"end":{"line":4,"column":58}},"5":{"start":{"line":6,"column":0},"end":{"line":6,"column":35}},"6":{"start":{"line":7,"column":0},"end":{"line":7,"column":40}},"10":{"start":{"line":11,"column":0},"end":{"line":11,"column":28}},"11":{"start":{"line":12,"column":0},"end":{"line":12,"column":19}},"12":{"start":{"line":13,"column":0},"end":{"line":13,"column":3}},"15":{"start":{"line":16,"column":0},"end":{"line":16,"column":75}},"16":{"start":{"line":17,"column":0},"end":{"line":17,"column":1}}},"s":{"1":1,"3":1,"5":46,"6":46,"10":46,"11":12,"12":12,"15":34,"16":34},"branchMap":{"0":{"type":"branch","line":4,"loc":{"start":{"line":4,"column":7},"end":{"line":17,"column":1}},"locations":[{"start":{"line":4,"column":7},"end":{"line":17,"column":1}}]},"1":{"type":"branch","line":11,"loc":{"start":{"line":11,"column":27},"end":{"line":17,"column":1}},"locations":[{"start":{"line":11,"column":27},"end":{"line":17,"column":1}}]},"2":{"type":"branch","line":11,"loc":{"start":{"line":11,"column":27},"end":{"line":13,"column":3}},"locations":[{"start":{"line":11,"column":27},"end":{"line":13,"column":3}}]},"3":{"type":"branch","line":13,"loc":{"start":{"line":13,"column":2},"end":{"line":17,"column":1}},"locations":[{"start":{"line":13,"column":2},"end":{"line":17,"column":1}}]}},"b":{"0":[46],"1":[42],"2":[12],"3":[34]},"fnMap":{"0":{"name":"endOfBroadcastMonth","decl":{"start":{"line":4,"column":7},"end":{"line":17,"column":1}},"loc":{"start":{"line":4,"column":7},"end":{"line":17,"column":1}},"line":4}},"f":{"0":46}}
,"/Users/geoff/code/date-fns-broadcast/src/endOfBroadcastQuarter/endOfBroadcastQuarter.test.ts": {"path":"/Users/geoff/code/date-fns-broadcast/src/endOfBroadcastQuarter/endOfBroadcastQuarter.test.ts","all":false,"statementMap":{"0":{"start":{"line":1,"column":0},"end":{"line":1,"column":46}},"1":{"start":{"line":2,"column":0},"end":{"line":2,"column":48}},"3":{"start":{"line":4,"column":0},"end":{"line":4,"column":41}},"4":{"start":{"line":5,"column":0},"end":{"line":5,"column":59}},"5":{"start":{"line":6,"column":0},"end":{"line":6,"column":39}},"6":{"start":{"line":7,"column":0},"end":{"line":7,"column":47}},"7":{"start":{"line":8,"column":0},"end":{"line":8,"column":36}},"8":{"start":{"line":9,"column":0},"end":{"line":9,"column":38}},"9":{"start":{"line":10,"column":0},"end":{"line":10,"column":59}},"10":{"start":{"line":11,"column":0},"end":{"line":11,"column":6}},"11":{"start":{"line":12,"column":0},"end":{"line":12,"column":5}},"13":{"start":{"line":14,"column":0},"end":{"line":14,"column":48}},"14":{"start":{"line":15,"column":0},"end":{"line":15,"column":39}},"15":{"start":{"line":16,"column":0},"end":{"line":16,"column":47}},"16":{"start":{"line":17,"column":0},"end":{"line":17,"column":36}},"17":{"start":{"line":18,"column":0},"end":{"line":18,"column":38}},"18":{"start":{"line":19,"column":0},"end":{"line":19,"column":59}},"19":{"start":{"line":20,"column":0},"end":{"line":20,"column":6}},"20":{"start":{"line":21,"column":0},"end":{"line":21,"column":5}},"22":{"start":{"line":23,"column":0},"end":{"line":23,"column":66}},"23":{"start":{"line":24,"column":0},"end":{"line":24,"column":39}},"24":{"start":{"line":25,"column":0},"end":{"line":25,"column":47}},"25":{"start":{"line":26,"column":0},"end":{"line":26,"column":36}},"26":{"start":{"line":27,"column":0},"end":{"line":27,"column":38}},"27":{"start":{"line":28,"column":0},"end":{"line":28,"column":59}},"28":{"start":{"line":29,"column":0},"end":{"line":29,"column":6}},"29":{"start":{"line":30,"column":0},"end":{"line":30,"column":5}},"31":{"start":{"line":32,"column":0},"end":{"line":32,"column":44}},"32":{"start":{"line":33,"column":0},"end":{"line":33,"column":38}},"33":{"start":{"line":34,"column":0},"end":{"line":34,"column":47}},"34":{"start":{"line":35,"column":0},"end":{"line":35,"column":38}},"35":{"start":{"line":36,"column":0},"end":{"line":36,"column":59}},"36":{"start":{"line":37,"column":0},"end":{"line":37,"column":6}},"37":{"start":{"line":38,"column":0},"end":{"line":38,"column":5}},"38":{"start":{"line":39,"column":0},"end":{"line":39,"column":3}}},"s":{"0":1,"1":1,"3":1,"4":1,"5":1,"6":1,"7":1,"8":1,"9":1,"10":1,"11":1,"13":1,"14":1,"15":1,"16":1,"17":1,"18":1,"19":1,"20":1,"22":1,"23":1,"24":1,"25":1,"26":1,"27":1,"28":1,"29":1,"31":1,"32":1,"33":1,"34":1,"35":1,"36":1,"37":1,"38":1},"branchMap":{"0":{"type":"branch","line":4,"loc":{"start":{"line":4,"column":34},"end":{"line":39,"column":3}},"locations":[{"start":{"line":4,"column":34},"end":{"line":39,"column":3}}]},"1":{"type":"branch","line":5,"loc":{"start":{"line":5,"column":52},"end":{"line":12,"column":3}},"locations":[{"start":{"line":5,"column":52},"end":{"line":12,"column":3}}]},"2":{"type":"branch","line":14,"loc":{"start":{"line":14,"column":41},"end":{"line":21,"column":3}},"locations":[{"start":{"line":14,"column":41},"end":{"line":21,"column":3}}]},"3":{"type":"branch","line":23,"loc":{"start":{"line":23,"column":59},"end":{"line":30,"column":3}},"locations":[{"start":{"line":23,"column":59},"end":{"line":30,"column":3}}]},"4":{"type":"branch","line":32,"loc":{"start":{"line":32,"column":37},"end":{"line":38,"column":3}},"locations":[{"start":{"line":32,"column":37},"end":{"line":38,"column":3}}]}},"b":{"0":[1],"1":[1],"2":[1],"3":[1],"4":[1]},"fnMap":{},"f":{}}
,"/Users/geoff/code/date-fns-broadcast/src/endOfBroadcastQuarter/index.ts": {"path":"/Users/geoff/code/date-fns-broadcast/src/endOfBroadcastQuarter/index.ts","all":false,"statementMap":{"1":{"start":{"line":2,"column":0},"end":{"line":2,"column":48}},"3":{"start":{"line":4,"column":0},"end":{"line":4,"column":61}},"9":{"start":{"line":10,"column":0},"end":{"line":10,"column":60}},"10":{"start":{"line":11,"column":0},"end":{"line":11,"column":31}},"11":{"start":{"line":12,"column":0},"end":{"line":12,"column":43}},"12":{"start":{"line":13,"column":0},"end":{"line":13,"column":41}},"13":{"start":{"line":14,"column":0},"end":{"line":14,"column":1}}},"s":{"1":1,"3":1,"9":1,"10":4,"11":4,"12":4,"13":4},"branchMap":{"0":{"type":"branch","line":10,"loc":{"start":{"line":10,"column":7},"end":{"line":14,"column":1}},"locations":[{"start":{"line":10,"column":7},"end":{"line":14,"column":1}}]}},"b":{"0":[4]},"fnMap":{"0":{"name":"endOfBroadcastQuarter","decl":{"start":{"line":10,"column":7},"end":{"line":14,"column":1}},"loc":{"start":{"line":10,"column":7},"end":{"line":14,"column":1}},"line":10}},"f":{"0":4}}
,"/Users/geoff/code/date-fns-broadcast/src/endOfBroadcastWeek/endOfBroadcastWeek.test.ts": {"path":"/Users/geoff/code/date-fns-broadcast/src/endOfBroadcastWeek/endOfBroadcastWeek.test.ts","all":false,"statementMap":{"0":{"start":{"line":1,"column":0},"end":{"line":1,"column":46}},"1":{"start":{"line":2,"column":0},"end":{"line":2,"column":45}},"3":{"start":{"line":4,"column":0},"end":{"line":4,"column":38}},"4":{"start":{"line":5,"column":0},"end":{"line":5,"column":54}},"5":{"start":{"line":6,"column":0},"end":{"line":6,"column":39}},"6":{"start":{"line":7,"column":0},"end":{"line":7,"column":44}},"7":{"start":{"line":8,"column":0},"end":{"line":8,"column":36}},"8":{"start":{"line":9,"column":0},"end":{"line":9,"column":38}},"9":{"start":{"line":10,"column":0},"end":{"line":10,"column":59}},"10":{"start":{"line":11,"column":0},"end":{"line":11,"column":6}},"11":{"start":{"line":12,"column":0},"end":{"line":12,"column":5}},"13":{"start":{"line":14,"column":0},"end":{"line":14,"column":62}},"14":{"start":{"line":15,"column":0},"end":{"line":15,"column":41}},"15":{"start":{"line":16,"column":0},"end":{"line":16,"column":46}},"16":{"start":{"line":17,"column":0},"end":{"line":17,"column":38}},"17":{"start":{"line":18,"column":0},"end":{"line":18,"column":59}},"18":{"start":{"line":19,"column":0},"end":{"line":19,"column":6}},"19":{"start":{"line":20,"column":0},"end":{"line":20,"column":5}},"20":{"start":{"line":21,"column":0},"end":{"line":21,"column":3}}},"s":{"0":1,"1":1,"3":1,"4":1,"5":1,"6":1,"7":1,"8":1,"9":1,"10":1,"11":1,"13":1,"14":1,"15":1,"16":1,"17":1,"18":1,"19":1,"20":1},"branchMap":{"0":{"type":"branch","line":4,"loc":{"start":{"line":4,"column":31},"end":{"line":21,"column":3}},"locations":[{"start":{"line":4,"column":31},"end":{"line":21,"column":3}}]},"1":{"type":"branch","line":5,"loc":{"start":{"line":5,"column":47},"end":{"line":12,"column":3}},"locations":[{"start":{"line":5,"column":47},"end":{"line":12,"column":3}}]},"2":{"type":"branch","line":14,"loc":{"start":{"line":14,"column":55},"end":{"line":20,"column":3}},"locations":[{"start":{"line":14,"column":55},"end":{"line":20,"column":3}}]}},"b":{"0":[1],"1":[1],"2":[1]},"fnMap":{},"f":{}}
,"/Users/geoff/code/date-fns-broadcast/src/endOfBroadcastWeek/index.ts": {"path":"/Users/geoff/code/date-fns-broadcast/src/endOfBroadcastWeek/index.ts","all":false,"statementMap":{"1":{"start":{"line":2,"column":0},"end":{"line":2,"column":37}},"2":{"start":{"line":3,"column":0},"end":{"line":3,"column":57}},"3":{"start":{"line":4,"column":0},"end":{"line":4,"column":46}},"4":{"start":{"line":5,"column":0},"end":{"line":5,"column":1}}},"s":{"1":1,"2":1,"3":2,"4":2},"branchMap":{"0":{"type":"branch","line":3,"loc":{"start":{"line":3,"column":7},"end":{"line":5,"column":1}},"locations":[{"start":{"line":3,"column":7},"end":{"line":5,"column":1}}]}},"b":{"0":[2]},"fnMap":{"0":{"name":"endOfBroadcastWeek","decl":{"start":{"line":3,"column":7},"end":{"line":5,"column":1}},"loc":{"start":{"line":3,"column":7},"end":{"line":5,"column":1}},"line":3}},"f":{"0":2}}
,"/Users/geoff/code/date-fns-broadcast/src/endOfBroadcastYear/endOfBroadcastYear.test.ts": {"path":"/Users/geoff/code/date-fns-broadcast/src/endOfBroadcastYear/endOfBroadcastYear.test.ts","all":false,"statementMap":{"0":{"start":{"line":1,"column":0},"end":{"line":1,"column":46}},"1":{"start":{"line":2,"column":0},"end":{"line":2,"column":45}},"2":{"start":{"line":3,"column":0},"end":{"line":3,"column":63}},"3":{"start":{"line":4,"column":0},"end":{"line":4,"column":38}},"4":{"start":{"line":5,"column":0},"end":{"line":5,"column":67}},"5":{"start":{"line":6,"column":0},"end":{"line":6,"column":39}},"6":{"start":{"line":7,"column":0},"end":{"line":7,"column":44}},"7":{"start":{"line":8,"column":0},"end":{"line":8,"column":69}},"8":{"start":{"line":9,"column":0},"end":{"line":9,"column":59}},"9":{"start":{"line":10,"column":0},"end":{"line":10,"column":62}},"10":{"start":{"line":11,"column":0},"end":{"line":11,"column":5}},"11":{"start":{"line":12,"column":0},"end":{"line":12,"column":3}}},"s":{"0":1,"1":1,"2":1,"3":1,"4":1,"5":1,"6":1,"7":1,"8":1,"9":1,"10":1,"11":1},"branchMap":{"0":{"type":"branch","line":4,"loc":{"start":{"line":4,"column":31},"end":{"line":12,"column":3}},"locations":[{"start":{"line":4,"column":31},"end":{"line":12,"column":3}}]},"1":{"type":"branch","line":5,"loc":{"start":{"line":5,"column":60},"end":{"line":11,"column":3}},"locations":[{"start":{"line":5,"column":60},"end":{"line":11,"column":3}}]}},"b":{"0":[1],"1":[1]},"fnMap":{},"f":{}}
,"/Users/geoff/code/date-fns-broadcast/src/endOfBroadcastYear/index.ts": {"path":"/Users/geoff/code/date-fns-broadcast/src/endOfBroadcastYear/index.ts","all":false,"statementMap":{"1":{"start":{"line":2,"column":0},"end":{"line":2,"column":34}},"2":{"start":{"line":3,"column":0},"end":{"line":3,"column":63}},"4":{"start":{"line":5,"column":0},"end":{"line":5,"column":57}},"6":{"start":{"line":7,"column":0},"end":{"line":7,"column":31}},"8":{"start":{"line":9,"column":0},"end":{"line":9,"column":61}},"10":{"start":{"line":11,"column":0},"end":{"line":11,"column":59}},"12":{"start":{"line":13,"column":0},"end":{"line":13,"column":51}},"13":{"start":{"line":14,"column":0},"end":{"line":14,"column":1}}},"s":{"1":1,"2":1,"4":1,"6":1,"8":1,"10":1,"12":1,"13":1},"branchMap":{"0":{"type":"branch","line":5,"loc":{"start":{"line":5,"column":7},"end":{"line":14,"column":1}},"locations":[{"start":{"line":5,"column":7},"end":{"line":14,"column":1}}]}},"b":{"0":[1]},"fnMap":{"0":{"name":"endOfBroadcastYear","decl":{"start":{"line":5,"column":7},"end":{"line":14,"column":1}},"loc":{"start":{"line":5,"column":7},"end":{"line":14,"column":1}},"line":5}},"f":{"0":1}}
,"/Users/geoff/code/date-fns-broadcast/src/formatBroadcastMonth/formatBroadcastMonth.test.ts": {"path":"/Users/geoff/code/date-fns-broadcast/src/formatBroadcastMonth/formatBroadcastMonth.test.ts","all":false,"statementMap":{"0":{"start":{"line":1,"column":0},"end":{"line":1,"column":46}},"1":{"start":{"line":2,"column":0},"end":{"line":2,"column":47}},"3":{"start":{"line":4,"column":0},"end":{"line":4,"column":40}},"4":{"start":{"line":5,"column":0},"end":{"line":5,"column":58}},"5":{"start":{"line":6,"column":0},"end":{"line":6,"column":77}},"6":{"start":{"line":7,"column":0},"end":{"line":7,"column":74}},"7":{"start":{"line":8,"column":0},"end":{"line":8,"column":5}},"9":{"start":{"line":10,"column":0},"end":{"line":10,"column":41}},"11":{"start":{"line":12,"column":0},"end":{"line":12,"column":75}},"13":{"start":{"line":14,"column":0},"end":{"line":14,"column":74}},"14":{"start":{"line":15,"column":0},"end":{"line":15,"column":5}},"16":{"start":{"line":17,"column":0},"end":{"line":17,"column":40}},"18":{"start":{"line":19,"column":0},"end":{"line":19,"column":78}},"20":{"start":{"line":21,"column":0},"end":{"line":21,"column":76}},"21":{"start":{"line":22,"column":0},"end":{"line":22,"column":5}},"23":{"start":{"line":24,"column":0},"end":{"line":24,"column":45}},"24":{"start":{"line":25,"column":0},"end":{"line":25,"column":39}},"25":{"start":{"line":26,"column":0},"end":{"line":26,"column":68}},"26":{"start":{"line":27,"column":0},"end":{"line":27,"column":66}},"27":{"start":{"line":28,"column":0},"end":{"line":28,"column":63}},"28":{"start":{"line":29,"column":0},"end":{"line":29,"column":5}},"29":{"start":{"line":30,"column":0},"end":{"line":30,"column":3}}},"s":{"0":1,"1":1,"3":1,"4":1,"5":1,"6":1,"7":1,"9":1,"11":1,"13":1,"14":1,"16":1,"18":1,"20":1,"21":1,"23":1,"24":1,"25":1,"26":1,"27":1,"28":1,"29":1},"branchMap":{"0":{"type":"branch","line":4,"loc":{"start":{"line":4,"column":33},"end":{"line":30,"column":3}},"locations":[{"start":{"line":4,"column":33},"end":{"line":30,"column":3}}]},"1":{"type":"branch","line":5,"loc":{"start":{"line":5,"column":51},"end":{"line":8,"column":3}},"locations":[{"start":{"line":5,"column":51},"end":{"line":8,"column":3}}]},"2":{"type":"branch","line":10,"loc":{"start":{"line":10,"column":34},"end":{"line":15,"column":3}},"locations":[{"start":{"line":10,"column":34},"end":{"line":15,"column":3}}]},"3":{"type":"branch","line":17,"loc":{"start":{"line":17,"column":33},"end":{"line":22,"column":3}},"locations":[{"start":{"line":17,"column":33},"end":{"line":22,"column":3}}]},"4":{"type":"branch","line":24,"loc":{"start":{"line":24,"column":38},"end":{"line":29,"column":3}},"locations":[{"start":{"line":24,"column":38},"end":{"line":29,"column":3}}]}},"b":{"0":[1],"1":[1],"2":[1],"3":[1],"4":[1]},"fnMap":{},"f":{}}
,"/Users/geoff/code/date-fns-broadcast/src/formatBroadcastMonth/index.ts": {"path":"/Users/geoff/code/date-fns-broadcast/src/formatBroadcastMonth/index.ts","all":false,"statementMap":{"1":{"start":{"line":2,"column":0},"end":{"line":2,"column":42}},"2":{"start":{"line":3,"column":0},"end":{"line":3,"column":57}},"3":{"start":{"line":4,"column":0},"end":{"line":4,"column":55}},"10":{"start":{"line":11,"column":0},"end":{"line":11,"column":37}},"11":{"start":{"line":12,"column":0},"end":{"line":12,"column":22}},"12":{"start":{"line":13,"column":0},"end":{"line":13,"column":34}},"13":{"start":{"line":14,"column":0},"end":{"line":14,"column":3}},"14":{"start":{"line":15,"column":0},"end":{"line":15,"column":31}},"15":{"start":{"line":16,"column":0},"end":{"line":16,"column":43}},"16":{"start":{"line":17,"column":0},"end":{"line":17,"column":41}},"19":{"start":{"line":20,"column":0},"end":{"line":20,"column":54}},"20":{"start":{"line":21,"column":0},"end":{"line":21,"column":43}},"21":{"start":{"line":22,"column":0},"end":{"line":22,"column":1}}},"s":{"1":1,"2":1,"3":1,"10":1,"11":9,"12":9,"13":9,"14":9,"15":9,"16":9,"19":9,"20":9,"21":9},"branchMap":{"0":{"type":"branch","line":11,"loc":{"start":{"line":11,"column":7},"end":{"line":22,"column":1}},"locations":[{"start":{"line":11,"column":7},"end":{"line":22,"column":1}}]}},"b":{"0":[9]},"fnMap":{"0":{"name":"formatBroadcastMonth","decl":{"start":{"line":11,"column":7},"end":{"line":22,"column":1}},"loc":{"start":{"line":11,"column":7},"end":{"line":22,"column":1}},"line":11}},"f":{"0":9}}
,"/Users/geoff/code/date-fns-broadcast/src/getBroadcastMonth/getBroadcastMonth.test.ts": {"path":"/Users/geoff/code/date-fns-broadcast/src/getBroadcastMonth/getBroadcastMonth.test.ts","all":false,"statementMap":{"0":{"start":{"line":1,"column":0},"end":{"line":1,"column":46}},"1":{"start":{"line":2,"column":0},"end":{"line":2,"column":44}},"2":{"start":{"line":3,"column":0},"end":{"line":3,"column":65}},"3":{"start":{"line":4,"column":0},"end":{"line":4,"column":61}},"5":{"start":{"line":6,"column":0},"end":{"line":6,"column":37}},"6":{"start":{"line":7,"column":0},"end":{"line":7,"column":62}},"7":{"start":{"line":8,"column":0},"end":{"line":8,"column":72}},"8":{"start":{"line":9,"column":0},"end":{"line":9,"column":69}},"9":{"start":{"line":10,"column":0},"end":{"line":10,"column":75}},"10":{"start":{"line":11,"column":0},"end":{"line":11,"column":5}},"12":{"start":{"line":13,"column":0},"end":{"line":13,"column":41}},"14":{"start":{"line":15,"column":0},"end":{"line":15,"column":61}},"16":{"start":{"line":17,"column":0},"end":{"line":17,"column":60}},"17":{"start":{"line":18,"column":0},"end":{"line":18,"column":5}},"19":{"start":{"line":20,"column":0},"end":{"line":20,"column":40}},"21":{"start":{"line":22,"column":0},"end":{"line":22,"column":62}},"22":{"start":{"line":23,"column":0},"end":{"line":23,"column":60}},"23":{"start":{"line":24,"column":0},"end":{"line":24,"column":5}},"25":{"start":{"line":26,"column":0},"end":{"line":26,"column":56}},"27":{"start":{"line":28,"column":0},"end":{"line":28,"column":62}},"29":{"start":{"line":30,"column":0},"end":{"line":30,"column":63}},"30":{"start":{"line":31,"column":0},"end":{"line":31,"column":5}},"32":{"start":{"line":33,"column":0},"end":{"line":33,"column":63}},"34":{"start":{"line":35,"column":0},"end":{"line":35,"column":67}},"35":{"start":{"line":36,"column":0},"end":{"line":36,"column":50}},"38":{"start":{"line":39,"column":0},"end":{"line":39,"column":63}},"39":{"start":{"line":40,"column":0},"end":{"line":40,"column":48}},"40":{"start":{"line":41,"column":0},"end":{"line":41,"column":5}},"42":{"start":{"line":43,"column":0},"end":{"line":43,"column":76}},"44":{"start":{"line":45,"column":0},"end":{"line":45,"column":88}},"45":{"start":{"line":46,"column":0},"end":{"line":46,"column":88}},"46":{"start":{"line":47,"column":0},"end":{"line":47,"column":88}},"47":{"start":{"line":48,"column":0},"end":{"line":48,"column":88}},"50":{"start":{"line":51,"column":0},"end":{"line":51,"column":92}},"51":{"start":{"line":52,"column":0},"end":{"line":52,"column":5}},"53":{"start":{"line":54,"column":0},"end":{"line":54,"column":64}},"55":{"start":{"line":56,"column":0},"end":{"line":56,"column":61}},"57":{"start":{"line":58,"column":0},"end":{"line":58,"column":61}},"58":{"start":{"line":59,"column":0},"end":{"line":59,"column":5}},"60":{"start":{"line":61,"column":0},"end":{"line":61,"column":53}},"62":{"start":{"line":63,"column":0},"end":{"line":63,"column":67}},"63":{"start":{"line":64,"column":0},"end":{"line":64,"column":63}},"65":{"start":{"line":66,"column":0},"end":{"line":66,"column":45}},"66":{"start":{"line":67,"column":0},"end":{"line":67,"column":37}},"67":{"start":{"line":68,"column":0},"end":{"line":68,"column":53}},"68":{"start":{"line":69,"column":0},"end":{"line":69,"column":53}},"69":{"start":{"line":70,"column":0},"end":{"line":70,"column":5}},"70":{"start":{"line":71,"column":0},"end":{"line":71,"column":5}},"71":{"start":{"line":72,"column":0},"end":{"line":72,"column":3}}},"s":{"0":1,"1":1,"2":1,"3":1,"5":1,"6":1,"7":1,"8":1,"9":1,"10":1,"12":1,"14":1,"16":1,"17":1,"19":1,"21":1,"22":1,"23":1,"25":1,"27":1,"29":1,"30":1,"32":1,"34":1,"35":1,"38":1,"39":1,"40":1,"42":1,"44":1,"45":1,"46":1,"47":1,"50":1,"51":1,"53":1,"55":1,"57":1,"58":1,"60":1,"62":1,"63":1,"65":1,"66":1,"67":35,"68":35,"69":35,"70":1,"71":1},"branchMap":{"0":{"type":"branch","line":6,"loc":{"start":{"line":6,"column":30},"end":{"line":72,"column":3}},"locations":[{"start":{"line":6,"column":30},"end":{"line":72,"column":3}}]},"1":{"type":"branch","line":7,"loc":{"start":{"line":7,"column":55},"end":{"line":11,"column":3}},"locations":[{"start":{"line":7,"column":55},"end":{"line":11,"column":3}}]},"2":{"type":"branch","line":13,"loc":{"start":{"line":13,"column":34},"end":{"line":18,"column":3}},"locations":[{"start":{"line":13,"column":34},"end":{"line":18,"column":3}}]},"3":{"type":"branch","line":20,"loc":{"start":{"line":20,"column":33},"end":{"line":24,"column":3}},"locations":[{"start":{"line":20,"column":33},"end":{"line":24,"column":3}}]},"4":{"type":"branch","line":26,"loc":{"start":{"line":26,"column":49},"end":{"line":31,"column":3}},"locations":[{"start":{"line":26,"column":49},"end":{"line":31,"column":3}}]},"5":{"type":"branch","line":33,"loc":{"start":{"line":33,"column":56},"end":{"line":41,"column":3}},"locations":[{"start":{"line":33,"column":56},"end":{"line":41,"column":3}}]},"6":{"type":"branch","line":43,"loc":{"start":{"line":43,"column":69},"end":{"line":52,"column":3}},"locations":[{"start":{"line":43,"column":69},"end":{"line":52,"column":3}}]},"7":{"type":"branch","line":54,"loc":{"start":{"line":54,"column":57},"end":{"line":59,"column":3}},"locations":[{"start":{"line":54,"column":57},"end":{"line":59,"column":3}}]},"8":{"type":"branch","line":61,"loc":{"start":{"line":61,"column":46},"end":{"line":71,"column":3}},"locations":[{"start":{"line":61,"column":46},"end":{"line":71,"column":3}}]},"9":{"type":"branch","line":67,"loc":{"start":{"line":67,"column":36},"end":{"line":70,"column":5}},"locations":[{"start":{"line":67,"column":36},"end":{"line":70,"column":5}}]}},"b":{"0":[1],"1":[1],"2":[1],"3":[1],"4":[1],"5":[1],"6":[1],"7":[1],"8":[1],"9":[35]},"fnMap":{},"f":{}}
,"/Users/geoff/code/date-fns-broadcast/src/getBroadcastMonth/index.ts": {"path":"/Users/geoff/code/date-fns-broadcast/src/getBroadcastMonth/index.ts","all":false,"statementMap":{"1":{"start":{"line":2,"column":0},"end":{"line":2,"column":34}},"2":{"start":{"line":3,"column":0},"end":{"line":3,"column":65}},"9":{"start":{"line":10,"column":0},"end":{"line":10,"column":56}},"10":{"start":{"line":11,"column":0},"end":{"line":11,"column":31}},"13":{"start":{"line":14,"column":0},"end":{"line":14,"column":79}},"14":{"start":{"line":15,"column":0},"end":{"line":15,"column":58}},"15":{"start":{"line":16,"column":0},"end":{"line":16,"column":34}},"16":{"start":{"line":17,"column":0},"end":{"line":17,"column":68}},"17":{"start":{"line":18,"column":0},"end":{"line":18,"column":3}},"20":{"start":{"line":21,"column":0},"end":{"line":21,"column":75}},"21":{"start":{"line":22,"column":0},"end":{"line":22,"column":58}},"22":{"start":{"line":23,"column":0},"end":{"line":23,"column":34}},"23":{"start":{"line":24,"column":0},"end":{"line":24,"column":34}},"24":{"start":{"line":25,"column":0},"end":{"line":25,"column":3}},"27":{"start":{"line":28,"column":0},"end":{"line":28,"column":34}},"28":{"start":{"line":29,"column":0},"end":{"line":29,"column":1}}},"s":{"1":1,"2":1,"9":1,"10":62,"13":62,"14":62,"15":62,"16":14,"17":14,"20":48,"21":48,"22":48,"23":48,"24":48,"27":0,"28":62},"branchMap":{"0":{"type":"branch","line":10,"loc":{"start":{"line":10,"column":7},"end":{"line":29,"column":1}},"locations":[{"start":{"line":10,"column":7},"end":{"line":29,"column":1}}]},"1":{"type":"branch","line":16,"loc":{"start":{"line":16,"column":33},"end":{"line":18,"column":3}},"locations":[{"start":{"line":16,"column":33},"end":{"line":18,"column":3}}]},"2":{"type":"branch","line":17,"loc":{"start":{"line":17,"column":36},"end":{"line":17,"column":45}},"locations":[{"start":{"line":17,"column":36},"end":{"line":17,"column":45}}]},"3":{"type":"branch","line":17,"loc":{"start":{"line":17,"column":41},"end":{"line":17,"column":68}},"locations":[{"start":{"line":17,"column":41},"end":{"line":17,"column":68}}]},"4":{"type":"branch","line":18,"loc":{"start":{"line":18,"column":2},"end":{"line":25,"column":3}},"locations":[{"start":{"line":18,"column":2},"end":{"line":25,"column":3}}]},"5":{"type":"branch","line":25,"loc":{"start":{"line":25,"column":2},"end":{"line":28,"column":34}},"locations":[{"start":{"line":25,"column":2},"end":{"line":28,"column":34}}]}},"b":{"0":[62],"1":[14],"2":[3],"3":[11],"4":[48],"5":[0]},"fnMap":{"0":{"name":"getBroadcastMonth","decl":{"start":{"line":10,"column":7},"end":{"line":29,"column":1}},"loc":{"start":{"line":10,"column":7},"end":{"line":29,"column":1}},"line":10}},"f":{"0":62}}
,"/Users/geoff/code/date-fns-broadcast/src/getBroadcastQuarter/getBroadcastQuarter.test.ts": {"path":"/Users/geoff/code/date-fns-broadcast/src/getBroadcastQuarter/getBroadcastQuarter.test.ts","all":false,"statementMap":{"0":{"start":{"line":1,"column":0},"end":{"line":1,"column":46}},"1":{"start":{"line":2,"column":0},"end":{"line":2,"column":46}},"3":{"start":{"line":4,"column":0},"end":{"line":4,"column":39}},"4":{"start":{"line":5,"column":0},"end":{"line":5,"column":57}},"5":{"start":{"line":6,"column":0},"end":{"line":6,"column":63}},"6":{"start":{"line":7,"column":0},"end":{"line":7,"column":63}},"7":{"start":{"line":8,"column":0},"end":{"line":8,"column":63}},"8":{"start":{"line":9,"column":0},"end":{"line":9,"column":63}},"9":{"start":{"line":10,"column":0},"end":{"line":10,"column":5}},"11":{"start":{"line":12,"column":0},"end":{"line":12,"column":42}},"12":{"start":{"line":13,"column":0},"end":{"line":13,"column":62}},"13":{"start":{"line":14,"column":0},"end":{"line":14,"column":62}},"14":{"start":{"line":15,"column":0},"end":{"line":15,"column":62}},"15":{"start":{"line":16,"column":0},"end":{"line":16,"column":63}},"16":{"start":{"line":17,"column":0},"end":{"line":17,"column":5}},"18":{"start":{"line":19,"column":0},"end":{"line":19,"column":45}},"19":{"start":{"line":20,"column":0},"end":{"line":20,"column":63}},"20":{"start":{"line":21,"column":0},"end":{"line":21,"column":63}},"21":{"start":{"line":22,"column":0},"end":{"line":22,"column":63}},"22":{"start":{"line":23,"column":0},"end":{"line":23,"column":64}},"23":{"start":{"line":24,"column":0},"end":{"line":24,"column":5}},"25":{"start":{"line":26,"column":0},"end":{"line":26,"column":57}},"26":{"start":{"line":27,"column":0},"end":{"line":27,"column":64}},"27":{"start":{"line":28,"column":0},"end":{"line":28,"column":64}},"28":{"start":{"line":29,"column":0},"end":{"line":29,"column":5}},"30":{"start":{"line":31,"column":0},"end":{"line":31,"column":43}},"31":{"start":{"line":32,"column":0},"end":{"line":32,"column":63}},"32":{"start":{"line":33,"column":0},"end":{"line":33,"column":62}},"33":{"start":{"line":34,"column":0},"end":{"line":34,"column":63}},"34":{"start":{"line":35,"column":0},"end":{"line":35,"column":62}},"35":{"start":{"line":36,"column":0},"end":{"line":36,"column":63}},"36":{"start":{"line":37,"column":0},"end":{"line":37,"column":63}},"37":{"start":{"line":38,"column":0},"end":{"line":38,"column":64}},"38":{"start":{"line":39,"column":0},"end":{"line":39,"column":64}},"39":{"start":{"line":40,"column":0},"end":{"line":40,"column":5}},"40":{"start":{"line":41,"column":0},"end":{"line":41,"column":3}}},"s":{"0":1,"1":1,"3":1,"4":1,"5":1,"6":1,"7":1,"8":1,"9":1,"11":1,"12":1,"13":1,"14":1,"15":1,"16":1,"18":1,"19":1,"20":1,"21":1,"22":1,"23":1,"25":1,"26":1,"27":1,"28":1,"30":1,"31":1,"32":1,"33":1,"34":1,"35":1,"36":1,"37":1,"38":1,"39":1,"40":1},"branchMap":{"0":{"type":"branch","line":4,"loc":{"start":{"line":4,"column":32},"end":{"line":41,"column":3}},"locations":[{"start":{"line":4,"column":32},"end":{"line":41,"column":3}}]},"1":{"type":"branch","line":5,"loc":{"start":{"line":5,"column":50},"end":{"line":10,"column":3}},"locations":[{"start":{"line":5,"column":50},"end":{"line":10,"column":3}}]},"2":{"type":"branch","line":12,"loc":{"start":{"line":12,"column":35},"end":{"line":17,"column":3}},"locations":[{"start":{"line":12,"column":35},"end":{"line":17,"column":3}}]},"3":{"type":"branch","line":19,"loc":{"start":{"line":19,"column":38},"end":{"line":24,"column":3}},"locations":[{"start":{"line":19,"column":38},"end":{"line":24,"column":3}}]},"4":{"type":"branch","line":26,"loc":{"start":{"line":26,"column":50},"end":{"line":29,"column":3}},"locations":[{"start":{"line":26,"column":50},"end":{"line":29,"column":3}}]},"5":{"type":"branch","line":31,"loc":{"start":{"line":31,"column":36},"end":{"line":40,"column":3}},"locations":[{"start":{"line":31,"column":36},"end":{"line":40,"column":3}}]}},"b":{"0":[1],"1":[1],"2":[1],"3":[1],"4":[1],"5":[1]},"fnMap":{},"f":{}}
,"/Users/geoff/code/date-fns-broadcast/src/getBroadcastQuarter/index.ts": {"path":"/Users/geoff/code/date-fns-broadcast/src/getBroadcastQuarter/index.ts","all":false,"statementMap":{"1":{"start":{"line":2,"column":0},"end":{"line":2,"column":34}},"2":{"start":{"line":3,"column":0},"end":{"line":3,"column":55}},"3":{"start":{"line":4,"column":0},"end":{"line":4,"column":55}},"10":{"start":{"line":11,"column":0},"end":{"line":11,"column":58}},"11":{"start":{"line":12,"column":0},"end":{"line":12,"column":31}},"12":{"start":{"line":13,"column":0},"end":{"line":13,"column":50}},"16":{"start":{"line":17,"column":0},"end":{"line":17,"column":48}},"17":{"start":{"line":18,"column":0},"end":{"line":18,"column":13}},"18":{"start":{"line":19,"column":0},"end":{"line":19,"column":3}},"20":{"start":{"line":21,"column":0},"end":{"line":21,"column":47}},"23":{"start":{"line":24,"column":0},"end":{"line":24,"column":33}},"24":{"start":{"line":25,"column":0},"end":{"line":25,"column":33}},"25":{"start":{"line":26,"column":0},"end":{"line":26,"column":33}},"26":{"start":{"line":27,"column":0},"end":{"line":27,"column":11}},"27":{"start":{"line":28,"column":0},"end":{"line":28,"column":1}}},"s":{"1":1,"2":1,"3":1,"10":1,"11":22,"12":22,"16":22,"17":2,"18":2,"20":20,"23":22,"24":22,"25":22,"26":6,"27":6},"branchMap":{"0":{"type":"branch","line":11,"loc":{"start":{"line":11,"column":7},"end":{"line":28,"column":1}},"locations":[{"start":{"line":11,"column":7},"end":{"line":28,"column":1}}]},"1":{"type":"branch","line":17,"loc":{"start":{"line":17,"column":47},"end":{"line":19,"column":3}},"locations":[{"start":{"line":17,"column":47},"end":{"line":19,"column":3}}]},"2":{"type":"branch","line":19,"loc":{"start":{"line":19,"column":2},"end":{"line":24,"column":31}},"locations":[{"start":{"line":19,"column":2},"end":{"line":24,"column":31}}]},"3":{"type":"branch","line":24,"loc":{"start":{"line":24,"column":24},"end":{"line":24,"column":33}},"locations":[{"start":{"line":24,"column":24},"end":{"line":24,"column":33}}]},"4":{"type":"branch","line":24,"loc":{"start":{"line":24,"column":31},"end":{"line":25,"column":31}},"locations":[{"start":{"line":24,"column":31},"end":{"line":25,"column":31}}]},"5":{"type":"branch","line":25,"loc":{"start":{"line":25,"column":24},"end":{"line":25,"column":33}},"locations":[{"start":{"line":25,"column":24},"end":{"line":25,"column":33}}]},"6":{"type":"branch","line":25,"loc":{"start":{"line":25,"column":31},"end":{"line":26,"column":31}},"locations":[{"start":{"line":25,"column":31},"end":{"line":26,"column":31}}]},"7":{"type":"branch","line":26,"loc":{"start":{"line":26,"column":24},"end":{"line":26,"column":33}},"locations":[{"start":{"line":26,"column":24},"end":{"line":26,"column":33}}]},"8":{"type":"branch","line":26,"loc":{"start":{"line":26,"column":31},"end":{"line":28,"column":1}},"locations":[{"start":{"line":26,"column":31},"end":{"line":28,"column":1}}]}},"b":{"0":[22],"1":[2],"2":[20],"3":[4],"4":[16],"5":[5],"6":[11],"7":[5],"8":[6]},"fnMap":{"0":{"name":"getBroadcastQuarter","decl":{"start":{"line":11,"column":7},"end":{"line":28,"column":1}},"loc":{"start":{"line":11,"column":7},"end":{"line":28,"column":1}},"line":11}},"f":{"0":22}}
,"/Users/geoff/code/date-fns-broadcast/src/getBroadcastWeek/getBroadcastWeek.test.ts": {"path":"/Users/geoff/code/date-fns-broadcast/src/getBroadcastWeek/getBroadcastWeek.test.ts","all":false,"statementMap":{"0":{"start":{"line":1,"column":0},"end":{"line":1,"column":46}},"1":{"start":{"line":2,"column":0},"end":{"line":2,"column":43}},"3":{"start":{"line":4,"column":0},"end":{"line":4,"column":36}},"4":{"start":{"line":5,"column":0},"end":{"line":5,"column":61}},"5":{"start":{"line":6,"column":0},"end":{"line":6,"column":60}},"6":{"start":{"line":7,"column":0},"end":{"line":7,"column":60}},"7":{"start":{"line":8,"column":0},"end":{"line":8,"column":5}},"9":{"start":{"line":10,"column":0},"end":{"line":10,"column":46}},"10":{"start":{"line":11,"column":0},"end":{"line":11,"column":59}},"11":{"start":{"line":12,"column":0},"end":{"line":12,"column":59}},"12":{"start":{"line":13,"column":0},"end":{"line":13,"column":5}},"14":{"start":{"line":15,"column":0},"end":{"line":15,"column":45}},"15":{"start":{"line":16,"column":0},"end":{"line":16,"column":62}},"16":{"start":{"line":17,"column":0},"end":{"line":17,"column":62}},"17":{"start":{"line":18,"column":0},"end":{"line":18,"column":5}},"19":{"start":{"line":20,"column":0},"end":{"line":20,"column":46}},"20":{"start":{"line":21,"column":0},"end":{"line":21,"column":62}},"21":{"start":{"line":22,"column":0},"end":{"line":22,"column":5}},"23":{"start":{"line":24,"column":0},"end":{"line":24,"column":52}},"24":{"start":{"line":25,"column":0},"end":{"line":25,"column":33}},"25":{"start":{"line":26,"column":0},"end":{"line":26,"column":77}},"26":{"start":{"line":27,"column":0},"end":{"line":27,"column":35}},"27":{"start":{"line":28,"column":0},"end":{"line":28,"column":6}},"29":{"start":{"line":30,"column":0},"end":{"line":30,"column":45}},"30":{"start":{"line":31,"column":0},"end":{"line":31,"column":42}},"31":{"start":{"line":32,"column":0},"end":{"line":32,"column":45}},"32":{"start":{"line":33,"column":0},"end":{"line":33,"column":31}},"33":{"start":{"line":34,"column":0},"end":{"line":34,"column":5}},"34":{"start":{"line":35,"column":0},"end":{"line":35,"column":5}},"35":{"start":{"line":36,"column":0},"end":{"line":36,"column":3}}},"s":{"0":1,"1":1,"3":1,"4":1,"5":1,"6":1,"7":1,"9":1,"10":1,"11":1,"12":1,"14":1,"15":1,"16":1,"17":1,"19":1,"20":1,"21":1,"23":1,"24":1,"25":1,"26":1,"27":1,"29":1,"30":17,"31":17,"32":17,"33":17,"34":1,"35":1},"branchMap":{"0":{"type":"branch","line":4,"loc":{"start":{"line":4,"column":29},"end":{"line":36,"column":3}},"locations":[{"start":{"line":4,"column":29},"end":{"line":36,"column":3}}]},"1":{"type":"branch","line":5,"loc":{"start":{"line":5,"column":54},"end":{"line":8,"column":3}},"locations":[{"start":{"line":5,"column":54},"end":{"line":8,"column":3}}]},"2":{"type":"branch","line":10,"loc":{"start":{"line":10,"column":39},"end":{"line":13,"column":3}},"locations":[{"start":{"line":10,"column":39},"end":{"line":13,"column":3}}]},"3":{"type":"branch","line":15,"loc":{"start":{"line":15,"column":38},"end":{"line":18,"column":3}},"locations":[{"start":{"line":15,"column":38},"end":{"line":18,"column":3}}]},"4":{"type":"branch","line":20,"loc":{"start":{"line":20,"column":39},"end":{"line":22,"column":3}},"locations":[{"start":{"line":20,"column":39},"end":{"line":22,"column":3}}]},"5":{"type":"branch","line":24,"loc":{"start":{"line":24,"column":45},"end":{"line":35,"column":3}},"locations":[{"start":{"line":24,"column":45},"end":{"line":35,"column":3}}]},"6":{"type":"branch","line":30,"loc":{"start":{"line":30,"column":44},"end":{"line":34,"column":5}},"locations":[{"start":{"line":30,"column":44},"end":{"line":34,"column":5}}]}},"b":{"0":[1],"1":[1],"2":[1],"3":[1],"4":[1],"5":[1],"6":[17]},"fnMap":{},"f":{}}
,"/Users/geoff/code/date-fns-broadcast/src/getBroadcastWeek/index.ts": {"path":"/Users/geoff/code/date-fns-broadcast/src/getBroadcastWeek/index.ts","all":false,"statementMap":{"1":{"start":{"line":2,"column":0},"end":{"line":2,"column":8}},"10":{"start":{"line":11,"column":0},"end":{"line":11,"column":63}},"11":{"start":{"line":12,"column":0},"end":{"line":12,"column":55}},"12":{"start":{"line":13,"column":0},"end":{"line":13,"column":63}},"18":{"start":{"line":19,"column":0},"end":{"line":19,"column":55}},"19":{"start":{"line":20,"column":0},"end":{"line":20,"column":31}},"20":{"start":{"line":21,"column":0},"end":{"line":21,"column":40}},"21":{"start":{"line":22,"column":0},"end":{"line":22,"column":52}},"22":{"start":{"line":23,"column":0},"end":{"line":23,"column":55}},"25":{"start":{"line":26,"column":0},"end":{"line":26,"column":51}},"26":{"start":{"line":27,"column":0},"end":{"line":27,"column":22}},"27":{"start":{"line":28,"column":0},"end":{"line":28,"column":31}},"28":{"start":{"line":29,"column":0},"end":{"line":29,"column":60}},"29":{"start":{"line":30,"column":0},"end":{"line":30,"column":56}},"32":{"start":{"line":33,"column":0},"end":{"line":33,"column":50}},"33":{"start":{"line":34,"column":0},"end":{"line":34,"column":13}},"34":{"start":{"line":35,"column":0},"end":{"line":35,"column":3}},"36":{"start":{"line":37,"column":0},"end":{"line":37,"column":50}},"37":{"start":{"line":38,"column":0},"end":{"line":38,"column":72}},"38":{"start":{"line":39,"column":0},"end":{"line":39,"column":57}},"41":{"start":{"line":42,"column":0},"end":{"line":42,"column":72}},"44":{"start":{"line":45,"column":0},"end":{"line":45,"column":40}},"45":{"start":{"line":46,"column":0},"end":{"line":46,"column":14}},"46":{"start":{"line":47,"column":0},"end":{"line":47,"column":3}},"48":{"start":{"line":49,"column":0},"end":{"line":49,"column":34}},"49":{"start":{"line":50,"column":0},"end":{"line":50,"column":1}}},"s":{"1":1,"10":1,"11":1,"12":1,"18":1,"19":237,"20":237,"21":237,"22":237,"25":237,"26":237,"27":237,"28":97,"29":230,"32":237,"33":4,"34":4,"36":233,"37":233,"38":233,"41":233,"44":237,"45":21,"46":21,"48":212,"49":212},"branchMap":{"0":{"type":"branch","line":19,"loc":{"start":{"line":19,"column":7},"end":{"line":50,"column":1}},"locations":[{"start":{"line":19,"column":7},"end":{"line":50,"column":1}}]},"1":{"type":"branch","line":28,"loc":{"start":{"line":28,"column":27},"end":{"line":29,"column":60}},"locations":[{"start":{"line":28,"column":27},"end":{"line":29,"column":60}}]},"2":{"type":"branch","line":29,"loc":{"start":{"line":29,"column":29},"end":{"line":29,"column":60}},"locations":[{"start":{"line":29,"column":29},"end":{"line":29,"column":60}}]},"3":{"type":"branch","line":29,"loc":{"start":{"line":29,"column":54},"end":{"line":30,"column":56}},"locations":[{"start":{"line":29,"column":54},"end":{"line":30,"column":56}}]},"4":{"type":"branch","line":30,"loc":{"start":{"line":30,"column":28},"end":{"line":30,"column":56}},"locations":[{"start":{"line":30,"column":28},"end":{"line":30,"column":56}}]},"5":{"type":"branch","line":33,"loc":{"start":{"line":33,"column":17},"end":{"line":33,"column":49}},"locations":[{"start":{"line":33,"column":17},"end":{"line":33,"column":49}}]},"6":{"type":"branch","line":33,"loc":{"start":{"line":33,"column":49},"end":{"line":35,"column":3}},"locations":[{"start":{"line":33,"column":49},"end":{"line":35,"column":3}}]},"7":{"type":"branch","line":35,"loc":{"start":{"line":35,"column":2},"end":{"line":45,"column":22}},"locations":[{"start":{"line":35,"column":2},"end":{"line":45,"column":22}}]},"8":{"type":"branch","line":45,"loc":{"start":{"line":45,"column":6},"end":{"line":45,"column":39}},"locations":[{"start":{"line":45,"column":6},"end":{"line":45,"column":39}}]},"9":{"type":"branch","line":45,"loc":{"start":{"line":45,"column":39},"end":{"line":47,"column":3}},"locations":[{"start":{"line":45,"column":39},"end":{"line":47,"column":3}}]},"10":{"type":"branch","line":47,"loc":{"start":{"line":47,"column":2},"end":{"line":50,"column":1}},"locations":[{"start":{"line":47,"column":2},"end":{"line":50,"column":1}}]}},"b":{"0":[237],"1":[97],"2":[94],"3":[230],"4":[140],"5":[8],"6":[4],"7":[233],"8":[83],"9":[21],"10":[212]},"fnMap":{"0":{"name":"getBroadcastWeek","decl":{"start":{"line":19,"column":7},"end":{"line":50,"column":1}},"loc":{"start":{"line":19,"column":7},"end":{"line":50,"column":1}},"line":19}},"f":{"0":237}}
,"/Users/geoff/code/date-fns-broadcast/src/getBroadcastYear/getBroadcastYear.test.ts": {"path":"/Users/geoff/code/date-fns-broadcast/src/getBroadcastYear/getBroadcastYear.test.ts","all":false,"statementMap":{"0":{"start":{"line":1,"column":0},"end":{"line":1,"column":46}},"1":{"start":{"line":2,"column":0},"end":{"line":2,"column":43}},"3":{"start":{"line":4,"column":0},"end":{"line":4,"column":36}},"4":{"start":{"line":5,"column":0},"end":{"line":5,"column":52}},"5":{"start":{"line":6,"column":0},"end":{"line":6,"column":63}},"6":{"start":{"line":7,"column":0},"end":{"line":7,"column":62}},"7":{"start":{"line":8,"column":0},"end":{"line":8,"column":5}},"9":{"start":{"line":10,"column":0},"end":{"line":10,"column":40}},"10":{"start":{"line":11,"column":0},"end":{"line":11,"column":64}},"11":{"start":{"line":12,"column":0},"end":{"line":12,"column":62}},"12":{"start":{"line":13,"column":0},"end":{"line":13,"column":5}},"14":{"start":{"line":15,"column":0},"end":{"line":15,"column":91}},"15":{"start":{"line":16,"column":0},"end":{"line":16,"column":64}},"16":{"start":{"line":17,"column":0},"end":{"line":17,"column":64}},"17":{"start":{"line":18,"column":0},"end":{"line":18,"column":62}},"18":{"start":{"line":19,"column":0},"end":{"line":19,"column":64}},"19":{"start":{"line":20,"column":0},"end":{"line":20,"column":64}},"20":{"start":{"line":21,"column":0},"end":{"line":21,"column":5}},"22":{"start":{"line":23,"column":0},"end":{"line":23,"column":52}},"23":{"start":{"line":24,"column":0},"end":{"line":24,"column":33}},"24":{"start":{"line":25,"column":0},"end":{"line":25,"column":53}},"25":{"start":{"line":26,"column":0},"end":{"line":26,"column":6}},"27":{"start":{"line":28,"column":0},"end":{"line":28,"column":45}},"28":{"start":{"line":29,"column":0},"end":{"line":29,"column":65}},"29":{"start":{"line":30,"column":0},"end":{"line":30,"column":5}},"30":{"start":{"line":31,"column":0},"end":{"line":31,"column":5}},"32":{"start":{"line":33,"column":0},"end":{"line":33,"column":57}},"33":{"start":{"line":34,"column":0},"end":{"line":34,"column":64}},"34":{"start":{"line":35,"column":0},"end":{"line":35,"column":62}},"35":{"start":{"line":36,"column":0},"end":{"line":36,"column":5}},"37":{"start":{"line":38,"column":0},"end":{"line":38,"column":59}},"38":{"start":{"line":39,"column":0},"end":{"line":39,"column":64}},"39":{"start":{"line":40,"column":0},"end":{"line":40,"column":62}},"40":{"start":{"line":41,"column":0},"end":{"line":41,"column":5}},"41":{"start":{"line":42,"column":0},"end":{"line":42,"column":3}}},"s":{"0":1,"1":1,"3":1,"4":1,"5":1,"6":1,"7":1,"9":1,"10":1,"11":1,"12":1,"14":1,"15":1,"16":1,"17":1,"18":1,"19":1,"20":1,"22":1,"23":1,"24":1,"25":1,"27":1,"28":8,"29":8,"30":1,"32":1,"33":1,"34":1,"35":1,"37":1,"38":1,"39":1,"40":1,"41":1},"branchMap":{"0":{"type":"branch","line":4,"loc":{"start":{"line":4,"column":29},"end":{"line":42,"column":3}},"locations":[{"start":{"line":4,"column":29},"end":{"line":42,"column":3}}]},"1":{"type":"branch","line":5,"loc":{"start":{"line":5,"column":45},"end":{"line":8,"column":3}},"locations":[{"start":{"line":5,"column":45},"end":{"line":8,"column":3}}]},"2":{"type":"branch","line":10,"loc":{"start":{"line":10,"column":33},"end":{"line":13,"column":3}},"locations":[{"start":{"line":10,"column":33},"end":{"line":13,"column":3}}]},"3":{"type":"branch","line":15,"loc":{"start":{"line":15,"column":84},"end":{"line":21,"column":3}},"locations":[{"start":{"line":15,"column":84},"end":{"line":21,"column":3}}]},"4":{"type":"branch","line":23,"loc":{"start":{"line":23,"column":45},"end":{"line":31,"column":3}},"locations":[{"start":{"line":23,"column":45},"end":{"line":31,"column":3}}]},"5":{"type":"branch","line":28,"loc":{"start":{"line":28,"column":44},"end":{"line":30,"column":5}},"locations":[{"start":{"line":28,"column":44},"end":{"line":30,"column":5}}]},"6":{"type":"branch","line":33,"loc":{"start":{"line":33,"column":50},"end":{"line":36,"column":3}},"locations":[{"start":{"line":33,"column":50},"end":{"line":36,"column":3}}]},"7":{"type":"branch","line":38,"loc":{"start":{"line":38,"column":52},"end":{"line":41,"column":3}},"locations":[{"start":{"line":38,"column":52},"end":{"line":41,"column":3}}]}},"b":{"0":[1],"1":[1],"2":[1],"3":[1],"4":[1],"5":[8],"6":[1],"7":[1]},"fnMap":{},"f":{}}
,"/Users/geoff/code/date-fns-broadcast/src/getBroadcastYear/index.ts": {"path":"/Users/geoff/code/date-fns-broadcast/src/getBroadcastYear/index.ts","all":false,"statementMap":{"1":{"start":{"line":2,"column":0},"end":{"line":2,"column":77}},"2":{"start":{"line":3,"column":0},"end":{"line":3,"column":63}},"3":{"start":{"line":4,"column":0},"end":{"line":4,"column":63}},"11":{"start":{"line":12,"column":0},"end":{"line":12,"column":55}},"12":{"start":{"line":13,"column":0},"end":{"line":13,"column":31}},"13":{"start":{"line":14,"column":0},"end":{"line":14,"column":40}},"16":{"start":{"line":17,"column":0},"end":{"line":17,"column":52}},"19":{"start":{"line":20,"column":0},"end":{"line":20,"column":55}},"20":{"start":{"line":21,"column":0},"end":{"line":21,"column":33}},"22":{"start":{"line":23,"column":0},"end":{"line":23,"column":53}},"23":{"start":{"line":24,"column":0},"end":{"line":24,"column":24}},"24":{"start":{"line":25,"column":0},"end":{"line":25,"column":33}},"25":{"start":{"line":26,"column":0},"end":{"line":26,"column":62}},"26":{"start":{"line":27,"column":0},"end":{"line":27,"column":58}},"28":{"start":{"line":29,"column":0},"end":{"line":29,"column":24}},"29":{"start":{"line":30,"column":0},"end":{"line":30,"column":30}},"30":{"start":{"line":31,"column":0},"end":{"line":31,"column":5}},"31":{"start":{"line":32,"column":0},"end":{"line":32,"column":3}},"34":{"start":{"line":35,"column":0},"end":{"line":35,"column":51}},"38":{"start":{"line":39,"column":0},"end":{"line":39,"column":6}},"39":{"start":{"line":40,"column":0},"end":{"line":40,"column":59}},"40":{"start":{"line":41,"column":0},"end":{"line":41,"column":25}},"41":{"start":{"line":42,"column":0},"end":{"line":42,"column":5}},"42":{"start":{"line":43,"column":0},"end":{"line":43,"column":65}},"43":{"start":{"line":44,"column":0},"end":{"line":44,"column":39}},"44":{"start":{"line":45,"column":0},"end":{"line":45,"column":30}},"45":{"start":{"line":46,"column":0},"end":{"line":46,"column":5}},"46":{"start":{"line":47,"column":0},"end":{"line":47,"column":3}},"48":{"start":{"line":49,"column":0},"end":{"line":49,"column":22}},"49":{"start":{"line":50,"column":0},"end":{"line":50,"column":1}}},"s":{"1":1,"2":1,"3":1,"11":1,"12":321,"13":321,"16":321,"19":321,"20":321,"22":12,"23":12,"24":12,"25":9,"26":8,"28":12,"29":8,"30":8,"31":12,"34":313,"38":313,"39":321,"40":308,"41":321,"42":108,"43":108,"44":0,"45":0,"46":108,"48":313,"49":313},"branchMap":{"0":{"type":"branch","line":12,"loc":{"start":{"line":12,"column":7},"end":{"line":50,"column":1}},"locations":[{"start":{"line":12,"column":7},"end":{"line":50,"column":1}}]},"1":{"type":"branch","line":21,"loc":{"start":{"line":21,"column":32},"end":{"line":32,"column":3}},"locations":[{"start":{"line":21,"column":32},"end":{"line":32,"column":3}}]},"2":{"type":"branch","line":25,"loc":{"start":{"line":25,"column":29},"end":{"line":26,"column":62}},"locations":[{"start":{"line":25,"column":29},"end":{"line":26,"column":62}}]},"3":{"type":"branch","line":26,"loc":{"start":{"line":26,"column":56},"end":{"line":27,"column":58}},"locations":[{"start":{"line":26,"column":56},"end":{"line":27,"column":58}}]},"4":{"type":"branch","line":27,"loc":{"start":{"line":27,"column":30},"end":{"line":27,"column":58}},"locations":[{"start":{"line":27,"column":30},"end":{"line":27,"column":58}}]},"5":{"type":"branch","line":29,"loc":{"start":{"line":29,"column":23},"end":{"line":31,"column":5}},"locations":[{"start":{"line":29,"column":23},"end":{"line":31,"column":5}}]},"6":{"type":"branch","line":32,"loc":{"start":{"line":32,"column":2},"end":{"line":40,"column":32}},"locations":[{"start":{"line":32,"column":2},"end":{"line":40,"column":32}}]},"7":{"type":"branch","line":40,"loc":{"start":{"line":40,"column":27},"end":{"line":40,"column":59}},"locations":[{"start":{"line":40,"column":27},"end":{"line":40,"column":59}}]},"8":{"type":"branch","line":40,"loc":{"start":{"line":40,"column":54},"end":{"line":41,"column":25}},"locations":[{"start":{"line":40,"column":54},"end":{"line":41,"column":25}}]},"9":{"type":"branch","line":42,"loc":{"start":{"line":42,"column":4},"end":{"line":47,"column":3}},"locations":[{"start":{"line":42,"column":4},"end":{"line":47,"column":3}}]},"10":{"type":"branch","line":44,"loc":{"start":{"line":44,"column":38},"end":{"line":46,"column":5}},"locations":[{"start":{"line":44,"column":38},"end":{"line":46,"column":5}}]},"11":{"type":"branch","line":47,"loc":{"start":{"line":47,"column":2},"end":{"line":50,"column":1}},"locations":[{"start":{"line":47,"column":2},"end":{"line":50,"column":1}}]}},"b":{"0":[321],"1":[12],"2":[9],"3":[8],"4":[3],"5":[8],"6":[313],"7":[139],"8":[308],"9":[108],"10":[0],"11":[313]},"fnMap":{"0":{"name":"getBroadcastYear","decl":{"start":{"line":12,"column":7},"end":{"line":50,"column":1}},"loc":{"start":{"line":12,"column":7},"end":{"line":50,"column":1}},"line":12}},"f":{"0":321}}
,"/Users/geoff/code/date-fns-broadcast/src/renderBroadcastCalendar/index.ts": {"path":"/Users/geoff/code/date-fns-broadcast/src/renderBroadcastCalendar/index.ts","all":false,"statementMap":{"0":{"start":{"line":1,"column":0},"end":{"line":1,"column":61}},"1":{"start":{"line":2,"column":0},"end":{"line":2,"column":55}},"2":{"start":{"line":3,"column":0},"end":{"line":3,"column":55}},"3":{"start":{"line":4,"column":0},"end":{"line":4,"column":65}},"5":{"start":{"line":6,"column":0},"end":{"line":6,"column":55}},"6":{"start":{"line":7,"column":0},"end":{"line":7,"column":18}},"7":{"start":{"line":8,"column":0},"end":{"line":8,"column":14}},"8":{"start":{"line":9,"column":0},"end":{"line":9,"column":15}},"9":{"start":{"line":10,"column":0},"end":{"line":10,"column":12}},"10":{"start":{"line":11,"column":0},"end":{"line":11,"column":12}},"11":{"start":{"line":12,"column":0},"end":{"line":12,"column":10}},"12":{"start":{"line":13,"column":0},"end":{"line":13,"column":11}},"13":{"start":{"line":14,"column":0},"end":{"line":14,"column":11}},"14":{"start":{"line":15,"column":0},"end":{"line":15,"column":13}},"15":{"start":{"line":16,"column":0},"end":{"line":16,"column":16}},"16":{"start":{"line":17,"column":0},"end":{"line":17,"column":14}},"17":{"start":{"line":18,"column":0},"end":{"line":18,"column":15}},"18":{"start":{"line":19,"column":0},"end":{"line":19,"column":15}},"19":{"start":{"line":20,"column":0},"end":{"line":20,"column":4}},"21":{"start":{"line":22,"column":0},"end":{"line":22,"column":50}},"23":{"start":{"line":24,"column":0},"end":{"line":24,"column":44}},"24":{"start":{"line":25,"column":0},"end":{"line":25,"column":43}},"25":{"start":{"line":26,"column":0},"end":{"line":26,"column":51}},"26":{"start":{"line":27,"column":0},"end":{"line":27,"column":47}},"27":{"start":{"line":28,"column":0},"end":{"line":28,"column":49}},"30":{"start":{"line":31,"column":0},"end":{"line":31,"column":25}},"31":{"start":{"line":32,"column":0},"end":{"line":32,"column":42}},"32":{"start":{"line":33,"column":0},"end":{"line":33,"column":34}},"33":{"start":{"line":34,"column":0},"end":{"line":34,"column":36}},"35":{"start":{"line":36,"column":0},"end":{"line":36,"column":23}},"36":{"start":{"line":37,"column":0},"end":{"line":37,"column":7}},"37":{"start":{"line":38,"column":0},"end":{"line":38,"column":47}},"38":{"start":{"line":39,"column":0},"end":{"line":39,"column":5}},"40":{"start":{"line":41,"column":0},"end":{"line":41,"column":80}},"41":{"start":{"line":42,"column":0},"end":{"line":42,"column":38}},"42":{"start":{"line":43,"column":0},"end":{"line":43,"column":47}},"45":{"start":{"line":46,"column":0},"end":{"line":46,"column":45}},"46":{"start":{"line":47,"column":0},"end":{"line":47,"column":47}},"49":{"start":{"line":50,"column":0},"end":{"line":50,"column":37}},"50":{"start":{"line":51,"column":0},"end":{"line":51,"column":63}},"53":{"start":{"line":54,"column":0},"end":{"line":54,"column":41}},"54":{"start":{"line":55,"column":0},"end":{"line":55,"column":75}},"55":{"start":{"line":56,"column":0},"end":{"line":56,"column":37}},"56":{"start":{"line":57,"column":0},"end":{"line":57,"column":55}},"57":{"start":{"line":58,"column":0},"end":{"line":58,"column":7}},"58":{"start":{"line":59,"column":0},"end":{"line":59,"column":23}},"59":{"start":{"line":60,"column":0},"end":{"line":60,"column":89}},"60":{"start":{"line":61,"column":0},"end":{"line":61,"column":5}},"61":{"start":{"line":62,"column":0},"end":{"line":62,"column":3}},"63":{"start":{"line":64,"column":0},"end":{"line":64,"column":18}},"64":{"start":{"line":65,"column":0},"end":{"line":65,"column":1}}},"s":{"0":1,"1":1,"2":1,"3":1,"5":1,"6":3,"7":3,"8":3,"9":3,"10":3,"11":3,"12":3,"13":3,"14":3,"15":3,"16":3,"17":3,"18":3,"19":3,"21":3,"23":3,"24":36,"25":36,"26":36,"27":36,"30":36,"31":36,"32":36,"33":1099,"35":157,"36":157,"37":1099,"38":1099,"40":36,"41":36,"42":36,"45":36,"46":36,"49":36,"50":157,"53":157,"54":1099,"55":1099,"56":1099,"57":1099,"58":157,"59":157,"60":157,"61":36,"63":3,"64":3},"branchMap":{"0":{"type":"branch","line":6,"loc":{"start":{"line":6,"column":7},"end":{"line":65,"column":1}},"locations":[{"start":{"line":6,"column":7},"end":{"line":65,"column":1}}]},"1":{"type":"branch","line":24,"loc":{"start":{"line":24,"column":43},"end":{"line":62,"column":3}},"locations":[{"start":{"line":24,"column":43},"end":{"line":62,"column":3}}]},"2":{"type":"branch","line":33,"loc":{"start":{"line":33,"column":33},"end":{"line":39,"column":5}},"locations":[{"start":{"line":33,"column":33},"end":{"line":39,"column":5}}]},"3":{"type":"branch","line":34,"loc":{"start":{"line":34,"column":35},"end":{"line":37,"column":7}},"locations":[{"start":{"line":34,"column":35},"end":{"line":37,"column":7}}]},"4":{"type":"branch","line":50,"loc":{"start":{"line":50,"column":36},"end":{"line":61,"column":5}},"locations":[{"start":{"line":50,"column":36},"end":{"line":61,"column":5}}]},"5":{"type":"branch","line":54,"loc":{"start":{"line":54,"column":40},"end":{"line":58,"column":7}},"locations":[{"start":{"line":54,"column":40},"end":{"line":58,"column":7}}]},"6":{"type":"branch","line":56,"loc":{"start":{"line":56,"column":21},"end":{"line":56,"column":37}},"locations":[{"start":{"line":56,"column":21},"end":{"line":56,"column":37}}]}},"b":{"0":[3],"1":[36],"2":[1099],"3":[157],"4":[157],"5":[1099],"6":[942]},"fnMap":{"0":{"name":"renderBroadcastCalendar","decl":{"start":{"line":6,"column":7},"end":{"line":65,"column":1}},"loc":{"start":{"line":6,"column":7},"end":{"line":65,"column":1}},"line":6}},"f":{"0":3}}
,"/Users/geoff/code/date-fns-broadcast/src/renderBroadcastCalendar/renderBroadcastCalendar.test.ts": {"path":"/Users/geoff/code/date-fns-broadcast/src/renderBroadcastCalendar/renderBroadcastCalendar.test.ts","all":false,"statementMap":{"0":{"start":{"line":1,"column":0},"end":{"line":1,"column":46}},"1":{"start":{"line":2,"column":0},"end":{"line":2,"column":50}},"3":{"start":{"line":4,"column":0},"end":{"line":4,"column":31}},"4":{"start":{"line":5,"column":0},"end":{"line":5,"column":48}},"5":{"start":{"line":6,"column":0},"end":{"line":6,"column":32}},"6":{"start":{"line":7,"column":0},"end":{"line":7,"column":5}},"8":{"start":{"line":9,"column":0},"end":{"line":9,"column":48}},"9":{"start":{"line":10,"column":0},"end":{"line":10,"column":32}},"10":{"start":{"line":11,"column":0},"end":{"line":11,"column":5}},"12":{"start":{"line":13,"column":0},"end":{"line":13,"column":48}},"13":{"start":{"line":14,"column":0},"end":{"line":14,"column":32}},"14":{"start":{"line":15,"column":0},"end":{"line":15,"column":5}},"15":{"start":{"line":16,"column":0},"end":{"line":16,"column":3}}},"s":{"0":1,"1":1,"3":1,"4":1,"5":1,"6":1,"8":1,"9":1,"10":1,"12":1,"13":1,"14":1,"15":1},"branchMap":{"0":{"type":"branch","line":4,"loc":{"start":{"line":4,"column":24},"end":{"line":16,"column":3}},"locations":[{"start":{"line":4,"column":24},"end":{"line":16,"column":3}}]},"1":{"type":"branch","line":5,"loc":{"start":{"line":5,"column":41},"end":{"line":7,"column":3}},"locations":[{"start":{"line":5,"column":41},"end":{"line":7,"column":3}}]},"2":{"type":"branch","line":9,"loc":{"start":{"line":9,"column":41},"end":{"line":11,"column":3}},"locations":[{"start":{"line":9,"column":41},"end":{"line":11,"column":3}}]},"3":{"type":"branch","line":13,"loc":{"start":{"line":13,"column":41},"end":{"line":15,"column":3}},"locations":[{"start":{"line":13,"column":41},"end":{"line":15,"column":3}}]}},"b":{"0":[1],"1":[1],"2":[1],"3":[1]},"fnMap":{},"f":{}}
,"/Users/geoff/code/date-fns-broadcast/src/startOfBroadcastMonth/index.ts": {"path":"/Users/geoff/code/date-fns-broadcast/src/startOfBroadcastMonth/index.ts","all":false,"statementMap":{"1":{"start":{"line":2,"column":0},"end":{"line":2,"column":56}},"3":{"start":{"line":4,"column":0},"end":{"line":4,"column":60}},"5":{"start":{"line":6,"column":0},"end":{"line":6,"column":42}},"7":{"start":{"line":8,"column":0},"end":{"line":8,"column":41}},"11":{"start":{"line":12,"column":0},"end":{"line":12,"column":24}},"12":{"start":{"line":13,"column":0},"end":{"line":13,"column":56}},"13":{"start":{"line":14,"column":0},"end":{"line":14,"column":3}},"15":{"start":{"line":16,"column":0},"end":{"line":16,"column":22}},"16":{"start":{"line":17,"column":0},"end":{"line":17,"column":1}}},"s":{"1":1,"3":1,"5":156,"7":156,"11":156,"12":103,"13":103,"15":53,"16":53},"branchMap":{"0":{"type":"branch","line":4,"loc":{"start":{"line":4,"column":7},"end":{"line":17,"column":1}},"locations":[{"start":{"line":4,"column":7},"end":{"line":17,"column":1}}]},"1":{"type":"branch","line":12,"loc":{"start":{"line":12,"column":23},"end":{"line":14,"column":3}},"locations":[{"start":{"line":12,"column":23},"end":{"line":14,"column":3}}]},"2":{"type":"branch","line":14,"loc":{"start":{"line":14,"column":2},"end":{"line":17,"column":1}},"locations":[{"start":{"line":14,"column":2},"end":{"line":17,"column":1}}]}},"b":{"0":[156],"1":[103],"2":[53]},"fnMap":{"0":{"name":"startOfBroadcastMonth","decl":{"start":{"line":4,"column":7},"end":{"line":17,"column":1}},"loc":{"start":{"line":4,"column":7},"end":{"line":17,"column":1}},"line":4}},"f":{"0":156}}
,"/Users/geoff/code/date-fns-broadcast/src/startOfBroadcastMonth/startOfBroadcastMonth.test.ts": {"path":"/Users/geoff/code/date-fns-broadcast/src/startOfBroadcastMonth/startOfBroadcastMonth.test.ts","all":false,"statementMap":{"0":{"start":{"line":1,"column":0},"end":{"line":1,"column":46}},"1":{"start":{"line":2,"column":0},"end":{"line":2,"column":48}},"3":{"start":{"line":4,"column":0},"end":{"line":4,"column":41}},"4":{"start":{"line":5,"column":0},"end":{"line":5,"column":66}},"5":{"start":{"line":6,"column":0},"end":{"line":6,"column":39}},"6":{"start":{"line":7,"column":0},"end":{"line":7,"column":47}},"7":{"start":{"line":8,"column":0},"end":{"line":8,"column":74}},"8":{"start":{"line":9,"column":0},"end":{"line":9,"column":5}},"10":{"start":{"line":11,"column":0},"end":{"line":11,"column":71}},"11":{"start":{"line":12,"column":0},"end":{"line":12,"column":39}},"12":{"start":{"line":13,"column":0},"end":{"line":13,"column":47}},"13":{"start":{"line":14,"column":0},"end":{"line":14,"column":75}},"14":{"start":{"line":15,"column":0},"end":{"line":15,"column":5}},"16":{"start":{"line":17,"column":0},"end":{"line":17,"column":71}},"17":{"start":{"line":18,"column":0},"end":{"line":18,"column":38}},"18":{"start":{"line":19,"column":0},"end":{"line":19,"column":47}},"19":{"start":{"line":20,"column":0},"end":{"line":20,"column":75}},"20":{"start":{"line":21,"column":0},"end":{"line":21,"column":5}},"22":{"start":{"line":23,"column":0},"end":{"line":23,"column":48}},"23":{"start":{"line":24,"column":0},"end":{"line":24,"column":38}},"24":{"start":{"line":25,"column":0},"end":{"line":25,"column":47}},"25":{"start":{"line":26,"column":0},"end":{"line":26,"column":36}},"26":{"start":{"line":27,"column":0},"end":{"line":27,"column":75}},"27":{"start":{"line":28,"column":0},"end":{"line":28,"column":5}},"29":{"start":{"line":30,"column":0},"end":{"line":30,"column":50}},"30":{"start":{"line":31,"column":0},"end":{"line":31,"column":38}},"31":{"start":{"line":32,"column":0},"end":{"line":32,"column":47}},"32":{"start":{"line":33,"column":0},"end":{"line":33,"column":36}},"33":{"start":{"line":34,"column":0},"end":{"line":34,"column":75}},"34":{"start":{"line":35,"column":0},"end":{"line":35,"column":5}},"35":{"start":{"line":36,"column":0},"end":{"line":36,"column":3}}},"s":{"0":1,"1":1,"3":1,"4":1,"5":1,"6":1,"7":1,"8":1,"10":1,"11":1,"12":1,"13":1,"14":1,"16":1,"17":1,"18":1,"19":1,"20":1,"22":1,"23":1,"24":1,"25":1,"26":1,"27":1,"29":1,"30":1,"31":1,"32":1,"33":1,"34":1,"35":1},"branchMap":{"0":{"type":"branch","line":4,"loc":{"start":{"line":4,"column":34},"end":{"line":36,"column":3}},"locations":[{"start":{"line":4,"column":34},"end":{"line":36,"column":3}}]},"1":{"type":"branch","line":5,"loc":{"start":{"line":5,"column":59},"end":{"line":9,"column":3}},"locations":[{"start":{"line":5,"column":59},"end":{"line":9,"column":3}}]},"2":{"type":"branch","line":11,"loc":{"start":{"line":11,"column":64},"end":{"line":15,"column":3}},"locations":[{"start":{"line":11,"column":64},"end":{"line":15,"column":3}}]},"3":{"type":"branch","line":17,"loc":{"start":{"line":17,"column":64},"end":{"line":21,"column":3}},"locations":[{"start":{"line":17,"column":64},"end":{"line":21,"column":3}}]},"4":{"type":"branch","line":23,"loc":{"start":{"line":23,"column":41},"end":{"line":28,"column":3}},"locations":[{"start":{"line":23,"column":41},"end":{"line":28,"column":3}}]},"5":{"type":"branch","line":30,"loc":{"start":{"line":30,"column":43},"end":{"line":35,"column":3}},"locations":[{"start":{"line":30,"column":43},"end":{"line":35,"column":3}}]}},"b":{"0":[1],"1":[1],"2":[1],"3":[1],"4":[1],"5":[1]},"fnMap":{},"f":{}}
,"/Users/geoff/code/date-fns-broadcast/src/startOfBroadcastQuarter/index.ts": {"path":"/Users/geoff/code/date-fns-broadcast/src/startOfBroadcastQuarter/index.ts","all":false,"statementMap":{"0":{"start":{"line":1,"column":0},"end":{"line":1,"column":64}},"1":{"start":{"line":2,"column":0},"end":{"line":2,"column":65}},"8":{"start":{"line":9,"column":0},"end":{"line":9,"column":62}},"9":{"start":{"line":10,"column":0},"end":{"line":10,"column":31}},"10":{"start":{"line":11,"column":0},"end":{"line":11,"column":47}},"11":{"start":{"line":12,"column":0},"end":{"line":12,"column":45}},"12":{"start":{"line":13,"column":0},"end":{"line":13,"column":1}}},"s":{"0":1,"1":1,"8":1,"9":3,"10":3,"11":3,"12":3},"branchMap":{"0":{"type":"branch","line":9,"loc":{"start":{"line":9,"column":7},"end":{"line":13,"column":1}},"locations":[{"start":{"line":9,"column":7},"end":{"line":13,"column":1}}]}},"b":{"0":[3]},"fnMap":{"0":{"name":"startOfBroadcastQuarter","decl":{"start":{"line":9,"column":7},"end":{"line":13,"column":1}},"loc":{"start":{"line":9,"column":7},"end":{"line":13,"column":1}},"line":9}},"f":{"0":3}}
,"/Users/geoff/code/date-fns-broadcast/src/startOfBroadcastQuarter/startOfBroadcastQuarter.test.ts": {"path":"/Users/geoff/code/date-fns-broadcast/src/startOfBroadcastQuarter/startOfBroadcastQuarter.test.ts","all":false,"statementMap":{"0":{"start":{"line":1,"column":0},"end":{"line":1,"column":46}},"1":{"start":{"line":2,"column":0},"end":{"line":2,"column":50}},"3":{"start":{"line":4,"column":0},"end":{"line":4,"column":43}},"4":{"start":{"line":5,"column":0},"end":{"line":5,"column":49}},"5":{"start":{"line":6,"column":0},"end":{"line":6,"column":39}},"6":{"start":{"line":7,"column":0},"end":{"line":7,"column":49}},"7":{"start":{"line":8,"column":0},"end":{"line":8,"column":74}},"8":{"start":{"line":9,"column":0},"end":{"line":9,"column":5}},"10":{"start":{"line":11,"column":0},"end":{"line":11,"column":41}},"11":{"start":{"line":12,"column":0},"end":{"line":12,"column":39}},"12":{"start":{"line":13,"column":0},"end":{"line":13,"column":49}},"13":{"start":{"line":14,"column":0},"end":{"line":14,"column":74}},"14":{"start":{"line":15,"column":0},"end":{"line":15,"column":5}},"16":{"start":{"line":17,"column":0},"end":{"line":17,"column":43}},"17":{"start":{"line":18,"column":0},"end":{"line":18,"column":39}},"18":{"start":{"line":19,"column":0},"end":{"line":19,"column":49}},"19":{"start":{"line":20,"column":0},"end":{"line":20,"column":74}},"20":{"start":{"line":21,"column":0},"end":{"line":21,"column":5}},"21":{"start":{"line":22,"column":0},"end":{"line":22,"column":3}}},"s":{"0":1,"1":1,"3":1,"4":1,"5":1,"6":1,"7":1,"8":1,"10":1,"11":1,"12":1,"13":1,"14":1,"16":1,"17":1,"18":1,"19":1,"20":1,"21":1},"branchMap":{"0":{"type":"branch","line":4,"loc":{"start":{"line":4,"column":36},"end":{"line":22,"column":3}},"locations":[{"start":{"line":4,"column":36},"end":{"line":22,"column":3}}]},"1":{"type":"branch","line":5,"loc":{"start":{"line":5,"column":42},"end":{"line":9,"column":3}},"locations":[{"start":{"line":5,"column":42},"end":{"line":9,"column":3}}]},"2":{"type":"branch","line":11,"loc":{"start":{"line":11,"column":34},"end":{"line":15,"column":3}},"locations":[{"start":{"line":11,"column":34},"end":{"line":15,"column":3}}]},"3":{"type":"branch","line":17,"loc":{"start":{"line":17,"column":36},"end":{"line":21,"column":3}},"locations":[{"start":{"line":17,"column":36},"end":{"line":21,"column":3}}]}},"b":{"0":[1],"1":[1],"2":[1],"3":[1]},"fnMap":{},"f":{}}
,"/Users/geoff/code/date-fns-broadcast/src/startOfBroadcastWeek/index.ts": {"path":"/Users/geoff/code/date-fns-broadcast/src/startOfBroadcastWeek/index.ts","all":false,"statementMap":{"1":{"start":{"line":2,"column":0},"end":{"line":2,"column":39}},"3":{"start":{"line":4,"column":0},"end":{"line":4,"column":59}},"4":{"start":{"line":5,"column":0},"end":{"line":5,"column":48}},"5":{"start":{"line":6,"column":0},"end":{"line":6,"column":1}}},"s":{"1":1,"3":1,"4":793,"5":793},"branchMap":{"0":{"type":"branch","line":4,"loc":{"start":{"line":4,"column":7},"end":{"line":6,"column":1}},"locations":[{"start":{"line":4,"column":7},"end":{"line":6,"column":1}}]}},"b":{"0":[793]},"fnMap":{"0":{"name":"startOfBroadcastWeek","decl":{"start":{"line":4,"column":7},"end":{"line":6,"column":1}},"loc":{"start":{"line":4,"column":7},"end":{"line":6,"column":1}},"line":4}},"f":{"0":793}}
,"/Users/geoff/code/date-fns-broadcast/src/startOfBroadcastWeek/startOfBroadcastWeek.test.ts": {"path":"/Users/geoff/code/date-fns-broadcast/src/startOfBroadcastWeek/startOfBroadcastWeek.test.ts","all":false,"statementMap":{"0":{"start":{"line":1,"column":0},"end":{"line":1,"column":46}},"1":{"start":{"line":2,"column":0},"end":{"line":2,"column":47}},"3":{"start":{"line":4,"column":0},"end":{"line":4,"column":40}},"4":{"start":{"line":5,"column":0},"end":{"line":5,"column":54}},"5":{"start":{"line":6,"column":0},"end":{"line":6,"column":39}},"6":{"start":{"line":7,"column":0},"end":{"line":7,"column":46}},"7":{"start":{"line":8,"column":0},"end":{"line":8,"column":36}},"8":{"start":{"line":9,"column":0},"end":{"line":9,"column":75}},"9":{"start":{"line":10,"column":0},"end":{"line":10,"column":5}},"11":{"start":{"line":12,"column":0},"end":{"line":12,"column":51}},"12":{"start":{"line":13,"column":0},"end":{"line":13,"column":41}},"13":{"start":{"line":14,"column":0},"end":{"line":14,"column":48}},"14":{"start":{"line":15,"column":0},"end":{"line":15,"column":60}},"15":{"start":{"line":16,"column":0},"end":{"line":16,"column":5}},"16":{"start":{"line":17,"column":0},"end":{"line":17,"column":3}}},"s":{"0":1,"1":1,"3":1,"4":1,"5":1,"6":1,"7":1,"8":1,"9":1,"11":1,"12":1,"13":1,"14":1,"15":1,"16":1},"branchMap":{"0":{"type":"branch","line":4,"loc":{"start":{"line":4,"column":33},"end":{"line":17,"column":3}},"locations":[{"start":{"line":4,"column":33},"end":{"line":17,"column":3}}]},"1":{"type":"branch","line":5,"loc":{"start":{"line":5,"column":47},"end":{"line":10,"column":3}},"locations":[{"start":{"line":5,"column":47},"end":{"line":10,"column":3}}]},"2":{"type":"branch","line":12,"loc":{"start":{"line":12,"column":44},"end":{"line":16,"column":3}},"locations":[{"start":{"line":12,"column":44},"end":{"line":16,"column":3}}]}},"b":{"0":[1],"1":[1],"2":[1]},"fnMap":{},"f":{}}
,"/Users/geoff/code/date-fns-broadcast/src/startOfBroadcastYear/index.ts": {"path":"/Users/geoff/code/date-fns-broadcast/src/startOfBroadcastYear/index.ts","all":false,"statementMap":{"1":{"start":{"line":2,"column":0},"end":{"line":2,"column":8}},"9":{"start":{"line":10,"column":0},"end":{"line":10,"column":59}},"10":{"start":{"line":11,"column":0},"end":{"line":11,"column":40}},"13":{"start":{"line":14,"column":0},"end":{"line":14,"column":6}},"14":{"start":{"line":15,"column":0},"end":{"line":15,"column":31}},"15":{"start":{"line":16,"column":0},"end":{"line":16,"column":60}},"16":{"start":{"line":17,"column":0},"end":{"line":17,"column":55}},"17":{"start":{"line":18,"column":0},"end":{"line":18,"column":5}},"18":{"start":{"line":19,"column":0},"end":{"line":19,"column":55}},"19":{"start":{"line":20,"column":0},"end":{"line":20,"column":3}},"21":{"start":{"line":22,"column":0},"end":{"line":22,"column":21}},"22":{"start":{"line":23,"column":0},"end":{"line":23,"column":1}}},"s":{"1":1,"9":1,"10":346,"13":346,"14":346,"15":107,"16":328,"17":346,"18":193,"19":193,"21":153,"22":153},"branchMap":{"0":{"type":"branch","line":10,"loc":{"start":{"line":10,"column":7},"end":{"line":23,"column":1}},"locations":[{"start":{"line":10,"column":7},"end":{"line":23,"column":1}}]},"1":{"type":"branch","line":15,"loc":{"start":{"line":15,"column":27},"end":{"line":16,"column":60}},"locations":[{"start":{"line":15,"column":27},"end":{"line":16,"column":60}}]},"2":{"type":"branch","line":16,"loc":{"start":{"line":16,"column":29},"end":{"line":16,"column":60}},"locations":[{"start":{"line":16,"column":29},"end":{"line":16,"column":60}}]},"3":{"type":"branch","line":16,"loc":{"start":{"line":16,"column":54},"end":{"line":17,"column":55}},"locations":[{"start":{"line":16,"column":54},"end":{"line":17,"column":55}}]},"4":{"type":"branch","line":17,"loc":{"start":{"line":17,"column":28},"end":{"line":17,"column":55}},"locations":[{"start":{"line":17,"column":28},"end":{"line":17,"column":55}}]},"5":{"type":"branch","line":18,"loc":{"start":{"line":18,"column":4},"end":{"line":20,"column":3}},"locations":[{"start":{"line":18,"column":4},"end":{"line":20,"column":3}}]},"6":{"type":"branch","line":20,"loc":{"start":{"line":20,"column":2},"end":{"line":23,"column":1}},"locations":[{"start":{"line":20,"column":2},"end":{"line":23,"column":1}}]}},"b":{"0":[346],"1":[107],"2":[98],"3":[328],"4":[239],"5":[193],"6":[153]},"fnMap":{"0":{"name":"startOfBroadcastYear","decl":{"start":{"line":10,"column":7},"end":{"line":23,"column":1}},"loc":{"start":{"line":10,"column":7},"end":{"line":23,"column":1}},"line":10}},"f":{"0":346}}
,"/Users/geoff/code/date-fns-broadcast/src/startOfBroadcastYear/startOfBroadcastYear.test.ts": {"path":"/Users/geoff/code/date-fns-broadcast/src/startOfBroadcastYear/startOfBroadcastYear.test.ts","all":false,"statementMap":{"0":{"start":{"line":1,"column":0},"end":{"line":1,"column":46}},"1":{"start":{"line":2,"column":0},"end":{"line":2,"column":47}},"3":{"start":{"line":4,"column":0},"end":{"line":4,"column":40}},"4":{"start":{"line":5,"column":0},"end":{"line":5,"column":50}},"5":{"start":{"line":6,"column":0},"end":{"line":6,"column":39}},"6":{"start":{"line":7,"column":0},"end":{"line":7,"column":46}},"7":{"start":{"line":8,"column":0},"end":{"line":8,"column":74}},"8":{"start":{"line":9,"column":0},"end":{"line":9,"column":5}},"10":{"start":{"line":11,"column":0},"end":{"line":11,"column":74}},"11":{"start":{"line":12,"column":0},"end":{"line":12,"column":39}},"12":{"start":{"line":13,"column":0},"end":{"line":13,"column":46}},"13":{"start":{"line":14,"column":0},"end":{"line":14,"column":36}},"14":{"start":{"line":15,"column":0},"end":{"line":15,"column":76}},"15":{"start":{"line":16,"column":0},"end":{"line":16,"column":5}},"17":{"start":{"line":18,"column":0},"end":{"line":18,"column":70}},"18":{"start":{"line":19,"column":0},"end":{"line":19,"column":39}},"19":{"start":{"line":20,"column":0},"end":{"line":20,"column":46}},"20":{"start":{"line":21,"column":0},"end":{"line":21,"column":36}},"21":{"start":{"line":22,"column":0},"end":{"line":22,"column":76}},"22":{"start":{"line":23,"column":0},"end":{"line":23,"column":5}},"23":{"start":{"line":24,"column":0},"end":{"line":24,"column":3}}},"s":{"0":1,"1":1,"3":1,"4":1,"5":1,"6":1,"7":1,"8":1,"10":1,"11":1,"12":1,"13":1,"14":1,"15":1,"17":1,"18":1,"19":1,"20":1,"21":1,"22":1,"23":1},"branchMap":{"0":{"type":"branch","line":4,"loc":{"start":{"line":4,"column":33},"end":{"line":24,"column":3}},"locations":[{"start":{"line":4,"column":33},"end":{"line":24,"column":3}}]},"1":{"type":"branch","line":5,"loc":{"start":{"line":5,"column":43},"end":{"line":9,"column":3}},"locations":[{"start":{"line":5,"column":43},"end":{"line":9,"column":3}}]},"2":{"type":"branch","line":11,"loc":{"start":{"line":11,"column":67},"end":{"line":16,"column":3}},"locations":[{"start":{"line":11,"column":67},"end":{"line":16,"column":3}}]},"3":{"type":"branch","line":18,"loc":{"start":{"line":18,"column":63},"end":{"line":23,"column":3}},"locations":[{"start":{"line":18,"column":63},"end":{"line":23,"column":3}}]}},"b":{"0":[1],"1":[1],"2":[1],"3":[1]},"fnMap":{},"f":{}}
}
